<?xml version="1.0" encoding="UTF-8"?>
<testng-results skipped="0" failed="0" ignored="0" total="1" passed="1">
  <reporter-output>
  </reporter-output>
  <suite name="Default suite" duration-ms="56" started-at="2023-10-11T17:45:57 IST" finished-at="2023-10-11T17:45:57 IST">
    <groups>
    </groups>
    <test name="Default test" duration-ms="56" started-at="2023-10-11T17:45:57 IST" finished-at="2023-10-11T17:45:57 IST">
      <class name="snippet.LearnRegularExpression">
        <test-method status="PASS" signature="runTC()[pri:0, instance:snippet.LearnRegularExpression@1eb8acf]" name="runTC" duration-ms="10" started-at="2023-10-11T17:45:57 IST" finished-at="2023-10-11T17:45:57 IST">
          <reporter-output>
          </reporter-output>
        </test-method> <!-- runTC -->
      </class> <!-- snippet.LearnRegularExpression -->
    </test> <!-- Default test -->
  </suite> <!-- Default suite -->
</testng-results>
