<?xml version="1.0" encoding="UTF-8"?>
<!-- Generated by org.testng.reporters.JUnitXMLReporter -->
<testsuite hostname="TL1086" ignored="4" name="Test" tests="6" failures="0" timestamp="2023-09-10T23:47:41 IST" time="142.032" errors="0">
  <testcase name="createContact" time="17.894" classname="com.crm.testcases.TC008_CreateContact"/>
  <testcase name="createContact" time="18.884" classname="com.crm.testcases.TC008_CreateContact"/>
  <testcase name="editContact" time="19.215" classname="com.crm.testcases.TC009_EditContact"/>
  <testcase name="editContact" time="19.571" classname="com.crm.testcases.TC009_EditContact"/>
  <testcase name="deactivateContact" time="19.961" classname="com.crm.testcases.TC010_DeactivateContact"/>
  <testcase name="deactivateContact" time="20.183" classname="com.crm.testcases.TC010_DeactivateContact"/>
  <testcase name="@BeforeSuite startReport" time="0.0" classname="utils.Reporter">
    <ignored/>
  </testcase> <!-- @BeforeSuite startReport -->
  <testcase name="@BeforeSuite startReport" time="0.0" classname="utils.Reporter">
    <ignored/>
  </testcase> <!-- @BeforeSuite startReport -->
  <testcase name="@AfterSuite stopReport" time="0.0" classname="utils.Reporter">
    <ignored/>
  </testcase> <!-- @AfterSuite stopReport -->
  <testcase name="@AfterSuite stopReport" time="0.0" classname="utils.Reporter">
    <ignored/>
  </testcase> <!-- @AfterSuite stopReport -->
</testsuite> <!-- Test -->
